<?xml version="1.0" encoding="UTF-8"?>
<testsuite name="Create payment application" tests="1" skipped="0" failures="1" errors="0" timestamp="2022-12-19T22:49:54" hostname="50HW017581" time="69.151">
  <properties/>
  <testcase name="Realizar anulacion de un aplicacion de pago realizado de forma manual uno a uno que simulan el proceso de aplicacion de pago" classname="Create payment application" time="69.151">
    <failure message="java.lang.AssertionError: &#10;Expected: is &lt;true&gt;&#10;     but: was &lt;false&gt;" type="java.lang.AssertionError">java.lang.AssertionError: 
Expected: is &lt;true&gt;
     but: was &lt;false&gt;
	at net.serenitybdd.screenplay.ErrorTally.throwSummaryExceptionFrom(ErrorTally.java:36)
	at net.serenitybdd.screenplay.ErrorTally.reportAnyErrors(ErrorTally.java:30)
	at net.serenitybdd.screenplay.Actor.should(Actor.java:316)
	at co.com.bancolombia.certification.saf.stepdefinitions.createincome.CollectionStepDefinitions.deberiaVerLasObligacionesEnSusEstadosInicialesAntesDeRealizarElProcesoDeAplicacionDePago(CollectionStepDefinitions.java:143)
	at âœ½.Deberia ver las obligaciones en sus estados iniciales antes de realizar el proceso de aplicacion de pago(src/test/resources/features/Collections/create_collections.feature:38)
</failure>
  </testcase>
  <system-out><![CDATA[true
true
false
]]></system-out>
  <system-err><![CDATA[[Test worker] INFO io.github.bonigarcia.wdm.WebDriverManager - Using chromedriver 108.0.5359.71 (resolved driver for Chrome 108)
[Test worker] INFO io.github.bonigarcia.wdm.WebDriverManager - Exporting webdriver.chrome.driver as C:\Users\1904880\.cache\selenium\chromedriver\win32\108.0.5359.71\chromedriver.exe
dic 19, 2022 5:49:55 PM org.openqa.selenium.remote.DesiredCapabilities chrome
INFO: Using `new ChromeOptions()` is preferred to `DesiredCapabilities.chrome()`
[Test worker] INFO net.serenitybdd.core.webdriver.driverproviders.ProvideNewDriver - Instantiating driver
[Test worker] INFO net.serenitybdd.core.webdriver.driverproviders.ProvideNewDriver - Driver capabilities: Capabilities {acceptInsecureCerts: false, browserName: chrome, chrome.switches: --start-maximized,'--user-d..., goog:chromeOptions: {args: [--start-maximized,', --user-data-dir=C:/Users/19..., --disable-popup-blocking, --disable-download-notifica..., --start-maximized, --test-type, --ignore-certificate-errors, --allow-running-insecure-co..., --disable-translate, --always-authorize-plugins, --disable-extensions, --no-sandbox, --disable-dev-shm-usage], extensions: []}, loggingPrefs: org.openqa.selenium.logging..., platform: ANY, version: }
Starting ChromeDriver 108.0.5359.71 (1e0e3868ee06e91ad636a874420e3ca3ae3756ac-refs/branch-heads/5359@{#1016}) on port 47934
Only local connections are allowed.
Please see https://chromedriver.chromium.org/security-considerations for suggestions on keeping ChromeDriver safe.
ChromeDriver was started successfully.
dic 19, 2022 5:49:58 PM org.openqa.selenium.remote.ProtocolHandshake createSession
INFO: Detected dialect: W3C
[Test worker] INFO co.com.bancolombia.certification.saf.integrations.ConnectionWithBD - Conexion exitosa
[Test worker] ERROR  - ?[91m
           __  _____ _____ ____ _____   _____ _    ___ _     _____ ____  
  _       / / |_   _| ____/ ___|_   _| |  ___/ \  |_ _| |   | ____|  _ \ 
 (_)_____| |    | | |  _| \___ \ | |   | |_ / _ \  | || |   |  _| | | | |
  _|_____| |    | | | |___ ___) || |   |  _/ ___ \ | || |___| |___| |_| |
 (_)     | |    |_| |_____|____/ |_|   |_|/_/   \_\___|_____|_____|____/ 
          \_\                                                            

Realizar anulacion de un aplicacion de pago realizado de forma manual uno a uno que simulan el proceso de aplicacion de pago
--------------------------------------------------------------------------?[0m
[Test worker] ERROR  - ?[91m    Test failed at step: Then validate the records of ogligations the in data base$$ lambda$445/1693658782 should be (true)?[0m
[Test worker] ERROR  - ?[91m    Expected: is <true> but: was <false>?[0m
]]></system-err>
</testsuite>
